{"name": "Клик по иконке показать/скрыть пароль делает поле пароль активным", "status": "broken", "statusDetails": {"message": "selenium.common.exceptions.TimeoutException: Message:", "trace": "self = <tests.test_password_recovery.TestPasswordRecovery object at 0x000002229E572270>, instance_main_page = <pages.main_page.MainPageBurger object at 0x000002229E5C5B50>\ninstance_login_page = <pages.login_page.LoginPageBurger object at 0x000002229E91CB90>\n\n    @allure.title('Клик по иконке показать/скрыть пароль делает поле пароль активным')\n    def test_make_field_password_active_by_click_show_password(self, instance_main_page, instance_login_page):\n        instance_main_page.wait_main_page()\n        instance_main_page.click_on_button_sign_in_or_place_an_order()\n>       instance_login_page.wait_form_login()\n\ntests\\test_password_recovery.py:32: \n_ _ _ _ _ _ _ _ _ _ _ _ _ _ _ _ _ _ _ _ _ _ _ _ _ _ _ _ _ _ _ _ _ _ _ _ _ _ _ _ _ _ _ _ _ _ _ _ _ _ _ _ _ _ _ _ _ _ _ _ _ _ _ _ _ _ _ _ _ _ _ _ _ _ _ _ _ _ _ _ _ _ _ _ _ _ _ _ _ _\npages\\login_page.py:14: in wait_form_login\n    return self.wait_element_page(LoginPageForm.FORM_LOG)\npages\\base_page.py:18: in wait_element_page\n    return WebDriverWait(self.driver, 15).until(expected_conditions.visibility_of_all_elements_located(locator))\n_ _ _ _ _ _ _ _ _ _ _ _ _ _ _ _ _ _ _ _ _ _ _ _ _ _ _ _ _ _ _ _ _ _ _ _ _ _ _ _ _ _ _ _ _ _ _ _ _ _ _ _ _ _ _ _ _ _ _ _ _ _ _ _ _ _ _ _ _ _ _ _ _ _ _ _ _ _ _ _ _ _ _ _ _ _ _ _ _ _\n\nself = <selenium.webdriver.support.wait.WebDriverWait (session=\"b47e7b03-e34a-4237-841e-ee6803dc42e2\")>\nmethod = <function visibility_of_all_elements_located.<locals>._predicate at 0x000002229E5A1300>, message = ''\n\n    def until(self, method: Callable[[D], Union[Literal[False], T]], message: str = \"\") -> T:\n        \"\"\"Calls the method provided with the driver as an argument until the \\\n        return value does not evaluate to ``False``.\n    \n        :param method: callable(WebDriver)\n        :param message: optional message for :exc:`TimeoutException`\n        :returns: the result of the last call to `method`\n        :raises: :exc:`selenium.common.exceptions.TimeoutException` if timeout occurs\n        \"\"\"\n        screen = None\n        stacktrace = None\n    \n        end_time = time.monotonic() + self._timeout\n        while True:\n            try:\n                value = method(self._driver)\n                if value:\n                    return value\n            except self._ignored_exceptions as exc:\n                screen = getattr(exc, \"screen\", None)\n                stacktrace = getattr(exc, \"stacktrace\", None)\n            if time.monotonic() > end_time:\n                break\n            time.sleep(self._poll)\n>       raise TimeoutException(message, screen, stacktrace)\nE       selenium.common.exceptions.TimeoutException: Message:\n\nvenv\\Lib\\site-packages\\selenium\\webdriver\\support\\wait.py:105: TimeoutException"}, "steps": [{"name": "Метод отображения главной страницы сервиса", "status": "passed", "steps": [{"name": "Метод явного ожидания отображения элемента", "status": "passed", "parameters": [{"name": "locator", "value": "['xpath', \".//section[contains(@class, 'BurgerIngredients_ingredients')]\"]"}], "start": 1730689412624, "stop": 1730689412662}], "start": 1730689412624, "stop": 1730689412662}, {"name": "Метод клика по кнопке \"Войти в аккаунт\" или \"Оформить заказ\"", "status": "passed", "steps": [{"name": "Метод клика \"ActionChains\" по элементу страницы", "status": "passed", "steps": [{"name": "Метод явного ожидания отображения элемента", "status": "passed", "parameters": [{"name": "locator", "value": "['xpath', \".//button[contains(@class, 'button_button_type_primary')]\"]"}], "start": 1730689412662, "stop": 1730689412674}], "parameters": [{"name": "locator", "value": "['xpath', \".//button[contains(@class, 'button_button_type_primary')]\"]"}], "start": 1730689412662, "stop": 1730689412950}], "start": 1730689412662, "stop": 1730689412950}, {"name": "Метод ожидания формы входа в сервис", "status": "broken", "statusDetails": {"message": "selenium.common.exceptions.TimeoutException: Message: \n\n", "trace": "  File \"C:\\Users\\svetl\\PycharmProjects\\Diplom\\Diplom_3\\venv\\Lib\\site-packages\\allure_commons\\_allure.py\", line 192, in impl\n    return func(*a, **kw)\n           ^^^^^^^^^^^^^^\n  File \"C:\\Users\\svetl\\PycharmProjects\\Diplom\\Diplom_3\\pages\\login_page.py\", line 14, in wait_form_login\n    return self.wait_element_page(LoginPageForm.FORM_LOG)\n           ^^^^^^^^^^^^^^^^^^^^^^^^^^^^^^^^^^^^^^^^^^^^^^\n  File \"C:\\Users\\svetl\\PycharmProjects\\Diplom\\Diplom_3\\venv\\Lib\\site-packages\\allure_commons\\_allure.py\", line 192, in impl\n    return func(*a, **kw)\n           ^^^^^^^^^^^^^^\n  File \"C:\\Users\\svetl\\PycharmProjects\\Diplom\\Diplom_3\\pages\\base_page.py\", line 18, in wait_element_page\n    return WebDriverWait(self.driver, 15).until(expected_conditions.visibility_of_all_elements_located(locator))\n           ^^^^^^^^^^^^^^^^^^^^^^^^^^^^^^^^^^^^^^^^^^^^^^^^^^^^^^^^^^^^^^^^^^^^^^^^^^^^^^^^^^^^^^^^^^^^^^^^^^^^^\n  File \"C:\\Users\\svetl\\PycharmProjects\\Diplom\\Diplom_3\\venv\\Lib\\site-packages\\selenium\\webdriver\\support\\wait.py\", line 105, in until\n    raise TimeoutException(message, screen, stacktrace)\n"}, "steps": [{"name": "Метод явного ожидания отображения элемента", "status": "broken", "statusDetails": {"message": "selenium.common.exceptions.TimeoutException: Message: \n\n", "trace": "  File \"C:\\Users\\svetl\\PycharmProjects\\Diplom\\Diplom_3\\venv\\Lib\\site-packages\\allure_commons\\_allure.py\", line 192, in impl\n    return func(*a, **kw)\n           ^^^^^^^^^^^^^^\n  File \"C:\\Users\\svetl\\PycharmProjects\\Diplom\\Diplom_3\\pages\\base_page.py\", line 18, in wait_element_page\n    return WebDriverWait(self.driver, 15).until(expected_conditions.visibility_of_all_elements_located(locator))\n           ^^^^^^^^^^^^^^^^^^^^^^^^^^^^^^^^^^^^^^^^^^^^^^^^^^^^^^^^^^^^^^^^^^^^^^^^^^^^^^^^^^^^^^^^^^^^^^^^^^^^^\n  File \"C:\\Users\\svetl\\PycharmProjects\\Diplom\\Diplom_3\\venv\\Lib\\site-packages\\selenium\\webdriver\\support\\wait.py\", line 105, in until\n    raise TimeoutException(message, screen, stacktrace)\n"}, "parameters": [{"name": "locator", "value": "['xpath', \".//form[contains(@class, 'Auth_form__')]\"]"}], "start": 1730689412951, "stop": 1730689428076}], "start": 1730689412951, "stop": 1730689428091}], "parameters": [{"name": "web_driver", "value": "'Firefox'"}], "start": 1730689412623, "stop": 1730689428092, "uuid": "f2332e2f-96e8-4c5d-a887-3ddca3bb14e4", "historyId": "d79fa7cb634f630098f8625dd1b8c327", "testCaseId": "6f6c9ede0fff0b75e4a028f820c535e2", "fullName": "tests.test_password_recovery.TestPasswordRecovery#test_make_field_password_active_by_click_show_password", "labels": [{"name": "parentSuite", "value": "tests"}, {"name": "suite", "value": "test_password_recovery"}, {"name": "subSuite", "value": "TestPasswordRecovery"}, {"name": "host", "value": "Svetlana"}, {"name": "thread", "value": "17684-MainThread"}, {"name": "framework", "value": "pytest"}, {"name": "language", "value": "cpython3"}, {"name": "package", "value": "tests.test_password_recovery"}]}